<?xml version="1.0" encoding="UTF-8"?>
<testsuite xmlns:xsi="http://www.w3.org/2001/XMLSchema-instance" xsi:noNamespaceSchemaLocation="https://maven.apache.org/surefire/maven-surefire-plugin/xsd/surefire-test-report.xsd" name="com.codurance.hello.HelloApplicationTests" time="17.643" tests="1" errors="0" skipped="0" failures="0">
  <properties>
    <property name="gopherProxySet" value="false"/>
    <property name="awt.toolkit" value="sun.lwawt.macosx.LWCToolkit"/>
    <property name="file.encoding.pkg" value="sun.io"/>
    <property name="java.specification.version" value="1.8"/>
    <property name="sun.cpu.isalist" value=""/>
    <property name="sun.jnu.encoding" value="UTF-8"/>
    <property name="java.class.path" value="/Users/fernandoguerra/.m2/repository/org/apache/maven/surefire/surefire-booter/2.22.2/surefire-booter-2.22.2.jar:/Users/fernandoguerra/.m2/repository/org/apache/maven/surefire/surefire-api/2.22.2/surefire-api-2.22.2.jar:/Users/fernandoguerra/.m2/repository/org/apache/maven/surefire/surefire-logger-api/2.22.2/surefire-logger-api-2.22.2.jar:/Users/fernandoguerra/IdeaProjects/hello/target/test-classes:/Users/fernandoguerra/IdeaProjects/hello/target/classes:/Users/fernandoguerra/.m2/repository/org/springframework/boot/spring-boot-starter-web/2.1.7.RELEASE/spring-boot-starter-web-2.1.7.RELEASE.jar:/Users/fernandoguerra/.m2/repository/org/springframework/boot/spring-boot-starter/2.1.7.RELEASE/spring-boot-starter-2.1.7.RELEASE.jar:/Users/fernandoguerra/.m2/repository/org/springframework/boot/spring-boot/2.1.7.RELEASE/spring-boot-2.1.7.RELEASE.jar:/Users/fernandoguerra/.m2/repository/org/springframework/boot/spring-boot-autoconfigure/2.1.7.RELEASE/spring-boot-autoconfigure-2.1.7.RELEASE.jar:/Users/fernandoguerra/.m2/repository/org/springframework/boot/spring-boot-starter-logging/2.1.7.RELEASE/spring-boot-starter-logging-2.1.7.RELEASE.jar:/Users/fernandoguerra/.m2/repository/ch/qos/logback/logback-classic/1.2.3/logback-classic-1.2.3.jar:/Users/fernandoguerra/.m2/repository/ch/qos/logback/logback-core/1.2.3/logback-core-1.2.3.jar:/Users/fernandoguerra/.m2/repository/org/apache/logging/log4j/log4j-to-slf4j/2.11.2/log4j-to-slf4j-2.11.2.jar:/Users/fernandoguerra/.m2/repository/org/apache/logging/log4j/log4j-api/2.11.2/log4j-api-2.11.2.jar:/Users/fernandoguerra/.m2/repository/org/slf4j/jul-to-slf4j/1.7.26/jul-to-slf4j-1.7.26.jar:/Users/fernandoguerra/.m2/repository/javax/annotation/javax.annotation-api/1.3.2/javax.annotation-api-1.3.2.jar:/Users/fernandoguerra/.m2/repository/org/yaml/snakeyaml/1.23/snakeyaml-1.23.jar:/Users/fernandoguerra/.m2/repository/org/springframework/boot/spring-boot-starter-json/2.1.7.RELEASE/spring-boot-starter-json-2.1.7.RELEASE.jar:/Users/fernandoguerra/.m2/repository/com/fasterxml/jackson/core/jackson-databind/2.9.9/jackson-databind-2.9.9.jar:/Users/fernandoguerra/.m2/repository/com/fasterxml/jackson/core/jackson-annotations/2.9.0/jackson-annotations-2.9.0.jar:/Users/fernandoguerra/.m2/repository/com/fasterxml/jackson/core/jackson-core/2.9.9/jackson-core-2.9.9.jar:/Users/fernandoguerra/.m2/repository/com/fasterxml/jackson/datatype/jackson-datatype-jdk8/2.9.9/jackson-datatype-jdk8-2.9.9.jar:/Users/fernandoguerra/.m2/repository/com/fasterxml/jackson/datatype/jackson-datatype-jsr310/2.9.9/jackson-datatype-jsr310-2.9.9.jar:/Users/fernandoguerra/.m2/repository/com/fasterxml/jackson/module/jackson-module-parameter-names/2.9.9/jackson-module-parameter-names-2.9.9.jar:/Users/fernandoguerra/.m2/repository/org/hibernate/validator/hibernate-validator/6.0.17.Final/hibernate-validator-6.0.17.Final.jar:/Users/fernandoguerra/.m2/repository/javax/validation/validation-api/2.0.1.Final/validation-api-2.0.1.Final.jar:/Users/fernandoguerra/.m2/repository/org/jboss/logging/jboss-logging/3.3.2.Final/jboss-logging-3.3.2.Final.jar:/Users/fernandoguerra/.m2/repository/com/fasterxml/classmate/1.4.0/classmate-1.4.0.jar:/Users/fernandoguerra/.m2/repository/org/springframework/spring-webmvc/5.1.9.RELEASE/spring-webmvc-5.1.9.RELEASE.jar:/Users/fernandoguerra/.m2/repository/org/springframework/spring-aop/5.1.9.RELEASE/spring-aop-5.1.9.RELEASE.jar:/Users/fernandoguerra/.m2/repository/org/springframework/spring-context/5.1.9.RELEASE/spring-context-5.1.9.RELEASE.jar:/Users/fernandoguerra/.m2/repository/org/springframework/spring-expression/5.1.9.RELEASE/spring-expression-5.1.9.RELEASE.jar:/Users/fernandoguerra/.m2/repository/org/springframework/boot/spring-boot-starter-test/2.1.7.RELEASE/spring-boot-starter-test-2.1.7.RELEASE.jar:/Users/fernandoguerra/.m2/repository/org/springframework/boot/spring-boot-test/2.1.7.RELEASE/spring-boot-test-2.1.7.RELEASE.jar:/Users/fernandoguerra/.m2/repository/org/springframework/boot/spring-boot-test-autoconfigure/2.1.7.RELEASE/spring-boot-test-autoconfigure-2.1.7.RELEASE.jar:/Users/fernandoguerra/.m2/repository/com/jayway/jsonpath/json-path/2.4.0/json-path-2.4.0.jar:/Users/fernandoguerra/.m2/repository/net/minidev/json-smart/2.3/json-smart-2.3.jar:/Users/fernandoguerra/.m2/repository/net/minidev/accessors-smart/1.2/accessors-smart-1.2.jar:/Users/fernandoguerra/.m2/repository/org/slf4j/slf4j-api/1.7.26/slf4j-api-1.7.26.jar:/Users/fernandoguerra/.m2/repository/junit/junit/4.12/junit-4.12.jar:/Users/fernandoguerra/.m2/repository/org/assertj/assertj-core/3.11.1/assertj-core-3.11.1.jar:/Users/fernandoguerra/.m2/repository/org/mockito/mockito-core/2.23.4/mockito-core-2.23.4.jar:/Users/fernandoguerra/.m2/repository/net/bytebuddy/byte-buddy/1.9.16/byte-buddy-1.9.16.jar:/Users/fernandoguerra/.m2/repository/net/bytebuddy/byte-buddy-agent/1.9.16/byte-buddy-agent-1.9.16.jar:/Users/fernandoguerra/.m2/repository/org/objenesis/objenesis/2.6/objenesis-2.6.jar:/Users/fernandoguerra/.m2/repository/org/hamcrest/hamcrest-core/1.3/hamcrest-core-1.3.jar:/Users/fernandoguerra/.m2/repository/org/hamcrest/hamcrest-library/1.3/hamcrest-library-1.3.jar:/Users/fernandoguerra/.m2/repository/org/skyscreamer/jsonassert/1.5.0/jsonassert-1.5.0.jar:/Users/fernandoguerra/.m2/repository/com/vaadin/external/google/android-json/0.0.20131108.vaadin1/android-json-0.0.20131108.vaadin1.jar:/Users/fernandoguerra/.m2/repository/org/springframework/spring-core/5.1.9.RELEASE/spring-core-5.1.9.RELEASE.jar:/Users/fernandoguerra/.m2/repository/org/springframework/spring-jcl/5.1.9.RELEASE/spring-jcl-5.1.9.RELEASE.jar:/Users/fernandoguerra/.m2/repository/org/springframework/spring-test/5.1.9.RELEASE/spring-test-5.1.9.RELEASE.jar:/Users/fernandoguerra/.m2/repository/org/xmlunit/xmlunit-core/2.6.3/xmlunit-core-2.6.3.jar:/Users/fernandoguerra/.m2/repository/org/springframework/spring-web/5.1.9.RELEASE/spring-web-5.1.9.RELEASE.jar:/Users/fernandoguerra/.m2/repository/org/springframework/spring-beans/5.1.9.RELEASE/spring-beans-5.1.9.RELEASE.jar:/Users/fernandoguerra/.m2/repository/org/apache/tomcat/embed/tomcat-embed-core/9.0.21/tomcat-embed-core-9.0.21.jar:/Users/fernandoguerra/.m2/repository/org/apache/tomcat/tomcat-annotations-api/9.0.22/tomcat-annotations-api-9.0.22.jar:/Users/fernandoguerra/.m2/repository/org/springframework/boot/spring-boot-starter-jetty/2.1.7.RELEASE/spring-boot-starter-jetty-2.1.7.RELEASE.jar:/Users/fernandoguerra/.m2/repository/org/eclipse/jetty/jetty-servlets/9.4.19.v20190610/jetty-servlets-9.4.19.v20190610.jar:/Users/fernandoguerra/.m2/repository/org/eclipse/jetty/jetty-continuation/9.4.19.v20190610/jetty-continuation-9.4.19.v20190610.jar:/Users/fernandoguerra/.m2/repository/org/eclipse/jetty/jetty-http/9.4.19.v20190610/jetty-http-9.4.19.v20190610.jar:/Users/fernandoguerra/.m2/repository/org/eclipse/jetty/jetty-util/9.4.19.v20190610/jetty-util-9.4.19.v20190610.jar:/Users/fernandoguerra/.m2/repository/org/eclipse/jetty/jetty-io/9.4.19.v20190610/jetty-io-9.4.19.v20190610.jar:/Users/fernandoguerra/.m2/repository/org/eclipse/jetty/jetty-webapp/9.4.19.v20190610/jetty-webapp-9.4.19.v20190610.jar:/Users/fernandoguerra/.m2/repository/org/eclipse/jetty/jetty-xml/9.4.19.v20190610/jetty-xml-9.4.19.v20190610.jar:/Users/fernandoguerra/.m2/repository/org/eclipse/jetty/jetty-servlet/9.4.19.v20190610/jetty-servlet-9.4.19.v20190610.jar:/Users/fernandoguerra/.m2/repository/org/eclipse/jetty/jetty-security/9.4.19.v20190610/jetty-security-9.4.19.v20190610.jar:/Users/fernandoguerra/.m2/repository/org/eclipse/jetty/jetty-server/9.4.19.v20190610/jetty-server-9.4.19.v20190610.jar:/Users/fernandoguerra/.m2/repository/org/eclipse/jetty/websocket/websocket-server/9.4.19.v20190610/websocket-server-9.4.19.v20190610.jar:/Users/fernandoguerra/.m2/repository/org/eclipse/jetty/websocket/websocket-common/9.4.19.v20190610/websocket-common-9.4.19.v20190610.jar:/Users/fernandoguerra/.m2/repository/org/eclipse/jetty/websocket/websocket-api/9.4.19.v20190610/websocket-api-9.4.19.v20190610.jar:/Users/fernandoguerra/.m2/repository/org/eclipse/jetty/websocket/websocket-client/9.4.19.v20190610/websocket-client-9.4.19.v20190610.jar:/Users/fernandoguerra/.m2/repository/org/eclipse/jetty/jetty-client/9.4.19.v20190610/jetty-client-9.4.19.v20190610.jar:/Users/fernandoguerra/.m2/repository/org/eclipse/jetty/websocket/websocket-servlet/9.4.19.v20190610/websocket-servlet-9.4.19.v20190610.jar:/Users/fernandoguerra/.m2/repository/javax/servlet/javax.servlet-api/4.0.1/javax.servlet-api-4.0.1.jar:/Users/fernandoguerra/.m2/repository/org/eclipse/jetty/websocket/javax-websocket-server-impl/9.4.19.v20190610/javax-websocket-server-impl-9.4.19.v20190610.jar:/Users/fernandoguerra/.m2/repository/org/eclipse/jetty/jetty-annotations/9.4.19.v20190610/jetty-annotations-9.4.19.v20190610.jar:/Users/fernandoguerra/.m2/repository/org/eclipse/jetty/jetty-plus/9.4.19.v20190610/jetty-plus-9.4.19.v20190610.jar:/Users/fernandoguerra/.m2/repository/org/ow2/asm/asm/7.1/asm-7.1.jar:/Users/fernandoguerra/.m2/repository/org/ow2/asm/asm-commons/7.1/asm-commons-7.1.jar:/Users/fernandoguerra/.m2/repository/org/ow2/asm/asm-tree/7.1/asm-tree-7.1.jar:/Users/fernandoguerra/.m2/repository/org/ow2/asm/asm-analysis/7.1/asm-analysis-7.1.jar:/Users/fernandoguerra/.m2/repository/org/eclipse/jetty/websocket/javax-websocket-client-impl/9.4.19.v20190610/javax-websocket-client-impl-9.4.19.v20190610.jar:/Users/fernandoguerra/.m2/repository/javax/websocket/javax.websocket-api/1.1/javax.websocket-api-1.1.jar:/Users/fernandoguerra/.m2/repository/org/mortbay/jasper/apache-el/8.5.40/apache-el-8.5.40.jar:/Users/fernandoguerra/.m2/repository/org/apache/maven/surefire/surefire-junit4/2.22.2/surefire-junit4-2.22.2.jar"/>
    <property name="java.vm.vendor" value="Oracle Corporation"/>
    <property name="sun.arch.data.model" value="64"/>
    <property name="java.vendor.url" value="http://java.oracle.com/"/>
    <property name="user.timezone" value=""/>
    <property name="java.vm.specification.version" value="1.8"/>
    <property name="os.name" value="Mac OS X"/>
    <property name="user.country" value="ES"/>
    <property name="sun.java.launcher" value="SUN_STANDARD"/>
    <property name="sun.boot.library.path" value="/Library/Java/JavaVirtualMachines/jdk1.8.0_221.jdk/Contents/Home/jre/lib"/>
    <property name="sun.java.command" value="org.apache.maven.surefire.booter.ForkedBooter /Users/fernandoguerra/IdeaProjects/hello/target/surefire 2019-08-16T16-22-19_358-jvmRun1 surefire2036597756163939604tmp surefire_01912351455555903745tmp"/>
    <property name="http.nonProxyHosts" value="local|*.local|169.254/16|*.169.254/16"/>
    <property name="surefire.test.class.path" value="/Users/fernandoguerra/IdeaProjects/hello/target/test-classes:/Users/fernandoguerra/IdeaProjects/hello/target/classes:/Users/fernandoguerra/.m2/repository/org/springframework/boot/spring-boot-starter-web/2.1.7.RELEASE/spring-boot-starter-web-2.1.7.RELEASE.jar:/Users/fernandoguerra/.m2/repository/org/springframework/boot/spring-boot-starter/2.1.7.RELEASE/spring-boot-starter-2.1.7.RELEASE.jar:/Users/fernandoguerra/.m2/repository/org/springframework/boot/spring-boot/2.1.7.RELEASE/spring-boot-2.1.7.RELEASE.jar:/Users/fernandoguerra/.m2/repository/org/springframework/boot/spring-boot-autoconfigure/2.1.7.RELEASE/spring-boot-autoconfigure-2.1.7.RELEASE.jar:/Users/fernandoguerra/.m2/repository/org/springframework/boot/spring-boot-starter-logging/2.1.7.RELEASE/spring-boot-starter-logging-2.1.7.RELEASE.jar:/Users/fernandoguerra/.m2/repository/ch/qos/logback/logback-classic/1.2.3/logback-classic-1.2.3.jar:/Users/fernandoguerra/.m2/repository/ch/qos/logback/logback-core/1.2.3/logback-core-1.2.3.jar:/Users/fernandoguerra/.m2/repository/org/apache/logging/log4j/log4j-to-slf4j/2.11.2/log4j-to-slf4j-2.11.2.jar:/Users/fernandoguerra/.m2/repository/org/apache/logging/log4j/log4j-api/2.11.2/log4j-api-2.11.2.jar:/Users/fernandoguerra/.m2/repository/org/slf4j/jul-to-slf4j/1.7.26/jul-to-slf4j-1.7.26.jar:/Users/fernandoguerra/.m2/repository/javax/annotation/javax.annotation-api/1.3.2/javax.annotation-api-1.3.2.jar:/Users/fernandoguerra/.m2/repository/org/yaml/snakeyaml/1.23/snakeyaml-1.23.jar:/Users/fernandoguerra/.m2/repository/org/springframework/boot/spring-boot-starter-json/2.1.7.RELEASE/spring-boot-starter-json-2.1.7.RELEASE.jar:/Users/fernandoguerra/.m2/repository/com/fasterxml/jackson/core/jackson-databind/2.9.9/jackson-databind-2.9.9.jar:/Users/fernandoguerra/.m2/repository/com/fasterxml/jackson/core/jackson-annotations/2.9.0/jackson-annotations-2.9.0.jar:/Users/fernandoguerra/.m2/repository/com/fasterxml/jackson/core/jackson-core/2.9.9/jackson-core-2.9.9.jar:/Users/fernandoguerra/.m2/repository/com/fasterxml/jackson/datatype/jackson-datatype-jdk8/2.9.9/jackson-datatype-jdk8-2.9.9.jar:/Users/fernandoguerra/.m2/repository/com/fasterxml/jackson/datatype/jackson-datatype-jsr310/2.9.9/jackson-datatype-jsr310-2.9.9.jar:/Users/fernandoguerra/.m2/repository/com/fasterxml/jackson/module/jackson-module-parameter-names/2.9.9/jackson-module-parameter-names-2.9.9.jar:/Users/fernandoguerra/.m2/repository/org/hibernate/validator/hibernate-validator/6.0.17.Final/hibernate-validator-6.0.17.Final.jar:/Users/fernandoguerra/.m2/repository/javax/validation/validation-api/2.0.1.Final/validation-api-2.0.1.Final.jar:/Users/fernandoguerra/.m2/repository/org/jboss/logging/jboss-logging/3.3.2.Final/jboss-logging-3.3.2.Final.jar:/Users/fernandoguerra/.m2/repository/com/fasterxml/classmate/1.4.0/classmate-1.4.0.jar:/Users/fernandoguerra/.m2/repository/org/springframework/spring-webmvc/5.1.9.RELEASE/spring-webmvc-5.1.9.RELEASE.jar:/Users/fernandoguerra/.m2/repository/org/springframework/spring-aop/5.1.9.RELEASE/spring-aop-5.1.9.RELEASE.jar:/Users/fernandoguerra/.m2/repository/org/springframework/spring-context/5.1.9.RELEASE/spring-context-5.1.9.RELEASE.jar:/Users/fernandoguerra/.m2/repository/org/springframework/spring-expression/5.1.9.RELEASE/spring-expression-5.1.9.RELEASE.jar:/Users/fernandoguerra/.m2/repository/org/springframework/boot/spring-boot-starter-test/2.1.7.RELEASE/spring-boot-starter-test-2.1.7.RELEASE.jar:/Users/fernandoguerra/.m2/repository/org/springframework/boot/spring-boot-test/2.1.7.RELEASE/spring-boot-test-2.1.7.RELEASE.jar:/Users/fernandoguerra/.m2/repository/org/springframework/boot/spring-boot-test-autoconfigure/2.1.7.RELEASE/spring-boot-test-autoconfigure-2.1.7.RELEASE.jar:/Users/fernandoguerra/.m2/repository/com/jayway/jsonpath/json-path/2.4.0/json-path-2.4.0.jar:/Users/fernandoguerra/.m2/repository/net/minidev/json-smart/2.3/json-smart-2.3.jar:/Users/fernandoguerra/.m2/repository/net/minidev/accessors-smart/1.2/accessors-smart-1.2.jar:/Users/fernandoguerra/.m2/repository/org/slf4j/slf4j-api/1.7.26/slf4j-api-1.7.26.jar:/Users/fernandoguerra/.m2/repository/junit/junit/4.12/junit-4.12.jar:/Users/fernandoguerra/.m2/repository/org/assertj/assertj-core/3.11.1/assertj-core-3.11.1.jar:/Users/fernandoguerra/.m2/repository/org/mockito/mockito-core/2.23.4/mockito-core-2.23.4.jar:/Users/fernandoguerra/.m2/repository/net/bytebuddy/byte-buddy/1.9.16/byte-buddy-1.9.16.jar:/Users/fernandoguerra/.m2/repository/net/bytebuddy/byte-buddy-agent/1.9.16/byte-buddy-agent-1.9.16.jar:/Users/fernandoguerra/.m2/repository/org/objenesis/objenesis/2.6/objenesis-2.6.jar:/Users/fernandoguerra/.m2/repository/org/hamcrest/hamcrest-core/1.3/hamcrest-core-1.3.jar:/Users/fernandoguerra/.m2/repository/org/hamcrest/hamcrest-library/1.3/hamcrest-library-1.3.jar:/Users/fernandoguerra/.m2/repository/org/skyscreamer/jsonassert/1.5.0/jsonassert-1.5.0.jar:/Users/fernandoguerra/.m2/repository/com/vaadin/external/google/android-json/0.0.20131108.vaadin1/android-json-0.0.20131108.vaadin1.jar:/Users/fernandoguerra/.m2/repository/org/springframework/spring-core/5.1.9.RELEASE/spring-core-5.1.9.RELEASE.jar:/Users/fernandoguerra/.m2/repository/org/springframework/spring-jcl/5.1.9.RELEASE/spring-jcl-5.1.9.RELEASE.jar:/Users/fernandoguerra/.m2/repository/org/springframework/spring-test/5.1.9.RELEASE/spring-test-5.1.9.RELEASE.jar:/Users/fernandoguerra/.m2/repository/org/xmlunit/xmlunit-core/2.6.3/xmlunit-core-2.6.3.jar:/Users/fernandoguerra/.m2/repository/org/springframework/spring-web/5.1.9.RELEASE/spring-web-5.1.9.RELEASE.jar:/Users/fernandoguerra/.m2/repository/org/springframework/spring-beans/5.1.9.RELEASE/spring-beans-5.1.9.RELEASE.jar:/Users/fernandoguerra/.m2/repository/org/apache/tomcat/embed/tomcat-embed-core/9.0.21/tomcat-embed-core-9.0.21.jar:/Users/fernandoguerra/.m2/repository/org/apache/tomcat/tomcat-annotations-api/9.0.22/tomcat-annotations-api-9.0.22.jar:/Users/fernandoguerra/.m2/repository/org/springframework/boot/spring-boot-starter-jetty/2.1.7.RELEASE/spring-boot-starter-jetty-2.1.7.RELEASE.jar:/Users/fernandoguerra/.m2/repository/org/eclipse/jetty/jetty-servlets/9.4.19.v20190610/jetty-servlets-9.4.19.v20190610.jar:/Users/fernandoguerra/.m2/repository/org/eclipse/jetty/jetty-continuation/9.4.19.v20190610/jetty-continuation-9.4.19.v20190610.jar:/Users/fernandoguerra/.m2/repository/org/eclipse/jetty/jetty-http/9.4.19.v20190610/jetty-http-9.4.19.v20190610.jar:/Users/fernandoguerra/.m2/repository/org/eclipse/jetty/jetty-util/9.4.19.v20190610/jetty-util-9.4.19.v20190610.jar:/Users/fernandoguerra/.m2/repository/org/eclipse/jetty/jetty-io/9.4.19.v20190610/jetty-io-9.4.19.v20190610.jar:/Users/fernandoguerra/.m2/repository/org/eclipse/jetty/jetty-webapp/9.4.19.v20190610/jetty-webapp-9.4.19.v20190610.jar:/Users/fernandoguerra/.m2/repository/org/eclipse/jetty/jetty-xml/9.4.19.v20190610/jetty-xml-9.4.19.v20190610.jar:/Users/fernandoguerra/.m2/repository/org/eclipse/jetty/jetty-servlet/9.4.19.v20190610/jetty-servlet-9.4.19.v20190610.jar:/Users/fernandoguerra/.m2/repository/org/eclipse/jetty/jetty-security/9.4.19.v20190610/jetty-security-9.4.19.v20190610.jar:/Users/fernandoguerra/.m2/repository/org/eclipse/jetty/jetty-server/9.4.19.v20190610/jetty-server-9.4.19.v20190610.jar:/Users/fernandoguerra/.m2/repository/org/eclipse/jetty/websocket/websocket-server/9.4.19.v20190610/websocket-server-9.4.19.v20190610.jar:/Users/fernandoguerra/.m2/repository/org/eclipse/jetty/websocket/websocket-common/9.4.19.v20190610/websocket-common-9.4.19.v20190610.jar:/Users/fernandoguerra/.m2/repository/org/eclipse/jetty/websocket/websocket-api/9.4.19.v20190610/websocket-api-9.4.19.v20190610.jar:/Users/fernandoguerra/.m2/repository/org/eclipse/jetty/websocket/websocket-client/9.4.19.v20190610/websocket-client-9.4.19.v20190610.jar:/Users/fernandoguerra/.m2/repository/org/eclipse/jetty/jetty-client/9.4.19.v20190610/jetty-client-9.4.19.v20190610.jar:/Users/fernandoguerra/.m2/repository/org/eclipse/jetty/websocket/websocket-servlet/9.4.19.v20190610/websocket-servlet-9.4.19.v20190610.jar:/Users/fernandoguerra/.m2/repository/javax/servlet/javax.servlet-api/4.0.1/javax.servlet-api-4.0.1.jar:/Users/fernandoguerra/.m2/repository/org/eclipse/jetty/websocket/javax-websocket-server-impl/9.4.19.v20190610/javax-websocket-server-impl-9.4.19.v20190610.jar:/Users/fernandoguerra/.m2/repository/org/eclipse/jetty/jetty-annotations/9.4.19.v20190610/jetty-annotations-9.4.19.v20190610.jar:/Users/fernandoguerra/.m2/repository/org/eclipse/jetty/jetty-plus/9.4.19.v20190610/jetty-plus-9.4.19.v20190610.jar:/Users/fernandoguerra/.m2/repository/org/ow2/asm/asm/7.1/asm-7.1.jar:/Users/fernandoguerra/.m2/repository/org/ow2/asm/asm-commons/7.1/asm-commons-7.1.jar:/Users/fernandoguerra/.m2/repository/org/ow2/asm/asm-tree/7.1/asm-tree-7.1.jar:/Users/fernandoguerra/.m2/repository/org/ow2/asm/asm-analysis/7.1/asm-analysis-7.1.jar:/Users/fernandoguerra/.m2/repository/org/eclipse/jetty/websocket/javax-websocket-client-impl/9.4.19.v20190610/javax-websocket-client-impl-9.4.19.v20190610.jar:/Users/fernandoguerra/.m2/repository/javax/websocket/javax.websocket-api/1.1/javax.websocket-api-1.1.jar:/Users/fernandoguerra/.m2/repository/org/mortbay/jasper/apache-el/8.5.40/apache-el-8.5.40.jar:"/>
    <property name="sun.cpu.endian" value="little"/>
    <property name="user.home" value="/Users/fernandoguerra"/>
    <property name="user.language" value="en"/>
    <property name="java.specification.vendor" value="Oracle Corporation"/>
    <property name="java.home" value="/Library/Java/JavaVirtualMachines/jdk1.8.0_221.jdk/Contents/Home/jre"/>
    <property name="basedir" value="/Users/fernandoguerra/IdeaProjects/hello"/>
    <property name="file.separator" value="/"/>
    <property name="line.separator" value="&#10;"/>
    <property name="java.vm.specification.vendor" value="Oracle Corporation"/>
    <property name="java.specification.name" value="Java Platform API Specification"/>
    <property name="java.awt.graphicsenv" value="sun.awt.CGraphicsEnvironment"/>
    <property name="sun.boot.class.path" value="/Library/Java/JavaVirtualMachines/jdk1.8.0_221.jdk/Contents/Home/jre/lib/resources.jar:/Library/Java/JavaVirtualMachines/jdk1.8.0_221.jdk/Contents/Home/jre/lib/rt.jar:/Library/Java/JavaVirtualMachines/jdk1.8.0_221.jdk/Contents/Home/jre/lib/sunrsasign.jar:/Library/Java/JavaVirtualMachines/jdk1.8.0_221.jdk/Contents/Home/jre/lib/jsse.jar:/Library/Java/JavaVirtualMachines/jdk1.8.0_221.jdk/Contents/Home/jre/lib/jce.jar:/Library/Java/JavaVirtualMachines/jdk1.8.0_221.jdk/Contents/Home/jre/lib/charsets.jar:/Library/Java/JavaVirtualMachines/jdk1.8.0_221.jdk/Contents/Home/jre/lib/jfr.jar:/Library/Java/JavaVirtualMachines/jdk1.8.0_221.jdk/Contents/Home/jre/classes"/>
    <property name="sun.management.compiler" value="HotSpot 64-Bit Tiered Compilers"/>
    <property name="ftp.nonProxyHosts" value="local|*.local|169.254/16|*.169.254/16"/>
    <property name="java.runtime.version" value="1.8.0_221-b11"/>
    <property name="user.name" value="fernandoguerra"/>
    <property name="path.separator" value=":"/>
    <property name="os.version" value="10.14.6"/>
    <property name="java.endorsed.dirs" value="/Library/Java/JavaVirtualMachines/jdk1.8.0_221.jdk/Contents/Home/jre/lib/endorsed"/>
    <property name="java.runtime.name" value="Java(TM) SE Runtime Environment"/>
    <property name="file.encoding" value="UTF-8"/>
    <property name="java.vm.name" value="Java HotSpot(TM) 64-Bit Server VM"/>
    <property name="localRepository" value="/Users/fernandoguerra/.m2/repository"/>
    <property name="java.vendor.url.bug" value="http://bugreport.sun.com/bugreport/"/>
    <property name="java.io.tmpdir" value="/var/folders/ks/2nctn91s3t59kzzmp00bpv2w0000gn/T/"/>
    <property name="java.version" value="1.8.0_221"/>
    <property name="user.dir" value="/Users/fernandoguerra/IdeaProjects/hello"/>
    <property name="os.arch" value="x86_64"/>
    <property name="java.vm.specification.name" value="Java Virtual Machine Specification"/>
    <property name="java.awt.printerjob" value="sun.lwawt.macosx.CPrinterJob"/>
    <property name="sun.os.patch.level" value="unknown"/>
    <property name="java.library.path" value="/Users/fernandoguerra/Library/Java/Extensions:/Library/Java/Extensions:/Network/Library/Java/Extensions:/System/Library/Java/Extensions:/usr/lib/java:."/>
    <property name="java.vm.info" value="mixed mode"/>
    <property name="java.vendor" value="Oracle Corporation"/>
    <property name="java.vm.version" value="25.221-b11"/>
    <property name="java.ext.dirs" value="/Users/fernandoguerra/Library/Java/Extensions:/Library/Java/JavaVirtualMachines/jdk1.8.0_221.jdk/Contents/Home/jre/lib/ext:/Library/Java/Extensions:/Network/Library/Java/Extensions:/System/Library/Java/Extensions:/usr/lib/java"/>
    <property name="sun.io.unicode.encoding" value="UnicodeBig"/>
    <property name="java.class.version" value="52.0"/>
    <property name="socksNonProxyHosts" value="local|*.local|169.254/16|*.169.254/16"/>
  </properties>
  <testcase name="get_name" classname="com.codurance.hello.HelloApplicationTests" time="0.231"/>
</testsuite>